<?xml version="1.0" encoding="UTF-8"?>
<!-- Generated by org.testng.reporters.JUnitReportReporter -->
<testsuite hostname="MomsBlessing-PC" name="Selenium.ScreenshotForFailtestCaseMethod1" tests="1" failures="0" timestamp="6 Oct 2018 06:35:44 GMT" time="23.671" errors="0">
  <testcase name="captureScreenMethod" time="23.671" classname="Selenium.ScreenshotForFailtestCaseMethod1"/>
</testsuite> <!-- Selenium.ScreenshotForFailtestCaseMethod1 -->
